usage: opt.py [-h] [--config CONFIG]
              [--dataset_type {nerf,llff,nsvf,co3d,auto,auto}]
              [--scene_scale SCENE_SCALE] [--scale SCALE] [--seq_id SEQ_ID]
              [--epoch_size EPOCH_SIZE] [--white_bkgd WHITE_BKGD]
              [--llffhold LLFFHOLD] [--normalize_by_bbox NORMALIZE_BY_BBOX]
              [--data_bbox_scale DATA_BBOX_SCALE]
              [--cam_scale_factor CAM_SCALE_FACTOR]
              [--normalize_by_camera NORMALIZE_BY_CAMERA] [--perm]
              [--step_size STEP_SIZE] [--sigma_thresh SIGMA_THRESH]
              [--stop_thresh STOP_THRESH]
              [--background_brightness BACKGROUND_BRIGHTNESS]
              [--renderer_backend {cuvol,svox1,nvol}]
              [--random_sigma_std RANDOM_SIGMA_STD]
              [--random_sigma_std_background RANDOM_SIGMA_STD_BACKGROUND]
              [--near_clip NEAR_CLIP] [--use_spheric_clip] [--enable_random]
              [--last_sample_opaque] [--train_dir TRAIN_DIR] [--reso RESO]
              [--upsamp_every UPSAMP_EVERY] [--init_iters INIT_ITERS]
              [--upsample_density_add UPSAMPLE_DENSITY_ADD]
              [--basis_type {sh,3d_texture,mlp}] [--basis_reso BASIS_RESO]
              [--sh_dim SH_DIM] [--mlp_posenc_size MLP_POSENC_SIZE]
              [--mlp_width MLP_WIDTH]
              [--background_nlayers BACKGROUND_NLAYERS]
              [--background_reso BACKGROUND_RESO] [--n_iters N_ITERS]
              [--batch_size BATCH_SIZE] [--sigma_optim {sgd,rmsprop}]
              [--lr_sigma LR_SIGMA] [--lr_sigma_final LR_SIGMA_FINAL]
              [--lr_sigma_decay_steps LR_SIGMA_DECAY_STEPS]
              [--lr_sigma_delay_steps LR_SIGMA_DELAY_STEPS]
              [--lr_sigma_delay_mult LR_SIGMA_DELAY_MULT]
              [--sh_optim {sgd,rmsprop}] [--lr_sh LR_SH]
              [--lr_sh_final LR_SH_FINAL]
              [--lr_sh_decay_steps LR_SH_DECAY_STEPS]
              [--lr_sh_delay_steps LR_SH_DELAY_STEPS]
              [--lr_sh_delay_mult LR_SH_DELAY_MULT]
              [--lr_fg_begin_step LR_FG_BEGIN_STEP] [--bg_optim {sgd,rmsprop}]
              [--lr_sigma_bg LR_SIGMA_BG]
              [--lr_sigma_bg_final LR_SIGMA_BG_FINAL]
              [--lr_sigma_bg_decay_steps LR_SIGMA_BG_DECAY_STEPS]
              [--lr_sigma_bg_delay_steps LR_SIGMA_BG_DELAY_STEPS]
              [--lr_sigma_bg_delay_mult LR_SIGMA_BG_DELAY_MULT]
              [--lr_color_bg LR_COLOR_BG]
              [--lr_color_bg_final LR_COLOR_BG_FINAL]
              [--lr_color_bg_decay_steps LR_COLOR_BG_DECAY_STEPS]
              [--lr_color_bg_delay_steps LR_COLOR_BG_DELAY_STEPS]
              [--lr_color_bg_delay_mult LR_COLOR_BG_DELAY_MULT]
              [--basis_optim {sgd,rmsprop}] [--lr_basis LR_BASIS]
              [--lr_basis_final LR_BASIS_FINAL]
              [--lr_basis_decay_steps LR_BASIS_DECAY_STEPS]
              [--lr_basis_delay_steps LR_BASIS_DELAY_STEPS]
              [--lr_basis_begin_step LR_BASIS_BEGIN_STEP]
              [--lr_basis_delay_mult LR_BASIS_DELAY_MULT]
              [--rms_beta RMS_BETA] [--print_every PRINT_EVERY]
              [--save_every SAVE_EVERY] [--eval_every EVAL_EVERY]
              [--init_sigma INIT_SIGMA] [--init_sigma_bg INIT_SIGMA_BG]
              [--log_mse_image] [--log_depth_map]
              [--log_depth_map_use_thresh LOG_DEPTH_MAP_USE_THRESH]
              [--thresh_type {weight,sigma}] [--weight_thresh WEIGHT_THRESH]
              [--density_thresh DENSITY_THRESH]
              [--background_density_thresh BACKGROUND_DENSITY_THRESH]
              [--max_grid_elements MAX_GRID_ELEMENTS] [--tune_mode]
              [--tune_nosave] [--lambda_tv LAMBDA_TV]
              [--tv_sparsity TV_SPARSITY] [--tv_logalpha]
              [--lambda_tv_sh LAMBDA_TV_SH] [--tv_sh_sparsity TV_SH_SPARSITY]
              [--lambda_tv_lumisphere LAMBDA_TV_LUMISPHERE]
              [--tv_lumisphere_sparsity TV_LUMISPHERE_SPARSITY]
              [--tv_lumisphere_dir_factor TV_LUMISPHERE_DIR_FACTOR]
              [--tv_decay TV_DECAY] [--lambda_l2_sh LAMBDA_L2_SH]
              [--tv_early_only TV_EARLY_ONLY] [--tv_contiguous TV_CONTIGUOUS]
              [--lambda_sparsity LAMBDA_SPARSITY] [--lambda_beta LAMBDA_BETA]
              [--lambda_tv_background_sigma LAMBDA_TV_BACKGROUND_SIGMA]
              [--lambda_tv_background_color LAMBDA_TV_BACKGROUND_COLOR]
              [--tv_background_sparsity TV_BACKGROUND_SPARSITY]
              [--lambda_tv_basis LAMBDA_TV_BASIS]
              [--weight_decay_sigma WEIGHT_DECAY_SIGMA]
              [--weight_decay_sh WEIGHT_DECAY_SH] [--lr_decay]
              [--n_train N_TRAIN] [--nosphereinit]
              data_dir
opt.py: error: unrecognized arguments: /workspace/leo_test/lamp
